<?xml version="1.0" encoding="UTF-8"?>
<!-- Generated by org.testng.reporters.JUnitReportReporter -->
<testsuite hostname="Asplap1254" failures="0" tests="3" name="Aspire.Sportlink.Day2" time="0.003" errors="0" timestamp="2024-02-28T15:19:16 IST" skipped="0">
  <testcase classname="Aspire.Sportlink.Day2" name="test1" time="0.001"/>
  <testcase classname="Aspire.Sportlink.Day2" name="test2" time="0.001"/>
  <testcase classname="Aspire.Sportlink.Day2" name="test3" time="0.001"/>
</testsuite> <!-- Aspire.Sportlink.Day2 -->
