<?xml version="1.0" encoding="UTF-8"?>
<!-- Generated by org.testng.reporters.JUnitReportReporter -->
<testsuite hostname="Asplap1254" failures="0" tests="3" name="Aspire.Sportlink.App" time="0.015" errors="0" timestamp="2024-03-07T19:47:39 IST" skipped="0">
  <testcase classname="Aspire.Sportlink.App" name="demo1" time="0.002"/>
  <testcase classname="Aspire.Sportlink.App" name="demo2" time="0.002"/>
  <testcase classname="Aspire.Sportlink.App" name="demo" time="0.011"/>
</testsuite> <!-- Aspire.Sportlink.App -->
