<?xml version="1.0" encoding="UTF-8"?>
<!-- Generated by org.testng.reporters.JUnitReportReporter -->
<testsuite hostname="Asplap1254" failures="0" tests="3" name="Aspire.Sportlink.LastT3" time="0.011" errors="0" timestamp="2024-03-06T19:41:28 IST" skipped="0">
  <testcase classname="Aspire.Sportlink.LastT3" name="school6" time="0.002"/>
  <testcase classname="Aspire.Sportlink.LastT3" name="school4" time="0.004"/>
  <testcase classname="Aspire.Sportlink.LastT3" name="school5" time="0.005"/>
</testsuite> <!-- Aspire.Sportlink.LastT3 -->
