<?xml version="1.0" encoding="UTF-8"?>
<!-- Generated by org.testng.reporters.JUnitReportReporter -->
<testsuite hostname="Asplap1254" failures="0" tests="2" name="Aspire.Sportlink.LastT" time="0.008" errors="0" timestamp="2024-02-29T13:04:19 IST" skipped="0">
  <testcase classname="Aspire.Sportlink.LastT" name="money" time="0.006"/>
  <testcase classname="Aspire.Sportlink.LastT" name="money2" time="0.002"/>
</testsuite> <!-- Aspire.Sportlink.LastT -->
