<?xml version="1.0" encoding="UTF-8"?>
<!-- Generated by org.testng.reporters.JUnitReportReporter -->
<testsuite hostname="Asplap1254" failures="0" tests="4" name="Aspire.Sportlink.LastT2" time="0.010" errors="0" timestamp="2024-03-06T19:41:28 IST" skipped="0">
  <testcase classname="Aspire.Sportlink.LastT2" name="school2" time="0.002"/>
  <testcase classname="Aspire.Sportlink.LastT2" name="school" time="0.005"/>
  <testcase classname="Aspire.Sportlink.LastT2" name="school3" time="0.002"/>
  <testcase classname="Aspire.Sportlink.LastT2" name="school6" time="0.001"/>
</testsuite> <!-- Aspire.Sportlink.LastT2 -->
